<?xml version="1.0" encoding="UTF-8"?>
<!-- Generated by org.testng.reporters.JUnitReportReporter -->
<testsuite hostname="DESKTOP-JU6T4TK" failures="0" tests="1" name="javaPractice.StreamDemo" time="0.057" errors="0" timestamp="2023-02-17T22:34:06 IST" skipped="0">
  <testcase classname="javaPractice.StreamDemo" name="StremByForloop" time="0.057"/>
  <system-out/>
</testsuite> <!-- javaPractice.StreamDemo -->
